# JRE version: OpenJDK Runtime Environment (17.0.6) (build 17.0.6+0-b2043.56-9586694)
# Java VM: OpenJDK 64-Bit Server VM (17.0.6+0-b2043.56-9586694, mixed mode, tiered, compressed oops, compressed class ptrs, g1 gc, windows-amd64)
GC Precious Log:
 CPUs: 4 total, 4 available
 Memory: 12173M
 Large Page Support: Disabled
 NUMA Support: Disabled
 Compressed Oops: Enabled (Zero based)
 Heap Region Size: 2M
 Heap Min Capacity: 8M
 Heap Initial Capacity: 192M
 Heap Max Capacity: 3044M
 Pre-touch: Disabled
 Parallel Workers: 4
 Concurrent Workers: 1
 Concurrent Refinement Workers: 4
 Periodic GC: Disabled
Heap:
 garbage-first heap   total 141312K, used 63422K [0x0000000741c00000, 0x0000000800000000)
  region size 2048K, 7 young (14336K), 4 survivors (8192K)
 Metaspace       used 67406K, committed 67712K, reserved 1114112K
  class space    used 8044K, committed 8192K, reserved 1048576K
GC Heap History (20 events):
Event: 2.451 GC heap before
{Heap before GC invocations=7 (full 0):
 garbage-first heap   total 55296K, used 38634K [0x0000000741c00000, 0x0000000800000000)
  region size 2048K, 11 young (22528K), 1 survivors (2048K)
 Metaspace       used 32666K, committed 32896K, reserved 1081344K
  class space    used 3971K, committed 4032K, reserved 1048576K
}
Event: 2.458 GC heap after
{Heap after GC invocations=8 (full 0):
 garbage-first heap   total 75776K, used 22238K [0x0000000741c00000, 0x0000000800000000)
  region size 2048K, 2 young (4096K), 2 survivors (4096K)
 Metaspace       used 32666K, committed 32896K, reserved 1081344K
  class space    used 3971K, committed 4032K, reserved 1048576K
}
Event: 2.780 GC heap before
{Heap before GC invocations=8 (full 0):
 garbage-first heap   total 75776K, used 38622K [0x0000000741c00000, 0x0000000800000000)
  region size 2048K, 11 young (22528K), 2 survivors (4096K)
 Metaspace       used 35859K, committed 36096K, reserved 1081344K
  class space    used 4563K, committed 4672K, reserved 1048576K
}
Event: 2.790 GC heap after
{Heap after GC invocations=9 (full 0):
 garbage-first heap   total 75776K, used 27852K [0x0000000741c00000, 0x0000000800000000)
  region size 2048K, 2 young (4096K), 2 survivors (4096K)
 Metaspace       used 35859K, committed 36096K, reserved 1081344K
  class space    used 4563K, committed 4672K, reserved 1048576K
}
Event: 3.177 GC heap before
{Heap before GC invocations=10 (full 0):
 garbage-first heap   total 75776K, used 50380K [0x0000000741c00000, 0x0000000800000000)
  region size 2048K, 14 young (28672K), 2 survivors (4096K)
 Metaspace       used 39914K, committed 40256K, reserved 1089536K
  class space    used 5018K, committed 5184K, reserved 1048576K
}
Event: 3.184 GC heap after
{Heap after GC invocations=11 (full 0):
 garbage-first heap   total 75776K, used 29343K [0x0000000741c00000, 0x0000000800000000)
  region size 2048K, 2 young (4096K), 2 survivors (4096K)
 Metaspace       used 39914K, committed 40256K, reserved 1089536K
  class space    used 5018K, committed 5184K, reserved 1048576K
}
Event: 3.212 GC heap before
{Heap before GC invocations=11 (full 0):
 garbage-first heap   total 75776K, used 29343K [0x0000000741c00000, 0x0000000800000000)
  region size 2048K, 3 young (6144K), 2 survivors (4096K)
 Metaspace       used 40285K, committed 40576K, reserved 1089536K
  class space    used 5057K, committed 5184K, reserved 1048576K
}
Event: 3.218 GC heap after
{Heap after GC invocations=12 (full 0):
 garbage-first heap   total 75776K, used 29035K [0x0000000741c00000, 0x0000000800000000)
  region size 2048K, 1 young (2048K), 1 survivors (2048K)
 Metaspace       used 40285K, committed 40576K, reserved 1089536K
  class space    used 5057K, committed 5184K, reserved 1048576K
}
Event: 3.562 GC heap before
{Heap before GC invocations=12 (full 0):
 garbage-first heap   total 75776K, used 51563K [0x0000000741c00000, 0x0000000800000000)
  region size 2048K, 12 young (24576K), 1 survivors (2048K)
 Metaspace       used 45407K, committed 45696K, reserved 1089536K
  class space    used 5561K, committed 5696K, reserved 1048576K
}
Event: 3.567 GC heap after
{Heap after GC invocations=13 (full 0):
 garbage-first heap   total 116736K, used 30636K [0x0000000741c00000, 0x0000000800000000)
  region size 2048K, 2 young (4096K), 2 survivors (4096K)
 Metaspace       used 45407K, committed 45696K, reserved 1089536K
  class space    used 5561K, committed 5696K, reserved 1048576K
}
Event: 4.245 GC heap before
{Heap before GC invocations=13 (full 0):
 garbage-first heap   total 116736K, used 81836K [0x0000000741c00000, 0x0000000800000000)
  region size 2048K, 26 young (53248K), 2 survivors (4096K)
 Metaspace       used 52250K, committed 52480K, reserved 1097728K
  class space    used 6360K, committed 6464K, reserved 1048576K
}
Event: 4.254 GC heap after
{Heap after GC invocations=14 (full 0):
 garbage-first heap   total 116736K, used 37549K [0x0000000741c00000, 0x0000000800000000)
  region size 2048K, 4 young (8192K), 4 survivors (8192K)
 Metaspace       used 52250K, committed 52480K, reserved 1097728K
  class space    used 6360K, committed 6464K, reserved 1048576K
}
Event: 4.902 GC heap before
{Heap before GC invocations=14 (full 0):
 garbage-first heap   total 116736K, used 80557K [0x0000000741c00000, 0x0000000800000000)
  region size 2048K, 25 young (51200K), 4 survivors (8192K)
 Metaspace       used 56702K, committed 56960K, reserved 1105920K
  class space    used 6783K, committed 6912K, reserved 1048576K
}
Event: 4.918 GC heap after
{Heap after GC invocations=15 (full 0):
 garbage-first heap   total 116736K, used 43211K [0x0000000741c00000, 0x0000000800000000)
  region size 2048K, 3 young (6144K), 3 survivors (6144K)
 Metaspace       used 56702K, committed 56960K, reserved 1105920K
  class space    used 6783K, committed 6912K, reserved 1048576K
}
Event: 5.592 GC heap before
{Heap before GC invocations=15 (full 0):
 garbage-first heap   total 116736K, used 82123K [0x0000000741c00000, 0x0000000800000000)
  region size 2048K, 22 young (45056K), 3 survivors (6144K)
 Metaspace       used 57881K, committed 58176K, reserved 1105920K
  class space    used 6828K, committed 6976K, reserved 1048576K
}
Event: 5.610 GC heap after
{Heap after GC invocations=16 (full 0):
 garbage-first heap   total 116736K, used 50045K [0x0000000741c00000, 0x0000000800000000)
  region size 2048K, 3 young (6144K), 3 survivors (6144K)
 Metaspace       used 57881K, committed 58176K, reserved 1105920K
  class space    used 6828K, committed 6976K, reserved 1048576K
}
Event: 5.964 GC heap before
{Heap before GC invocations=16 (full 0):
 garbage-first heap   total 116736K, used 72573K [0x0000000741c00000, 0x0000000800000000)
  region size 2048K, 15 young (30720K), 3 survivors (6144K)
 Metaspace       used 60501K, committed 60736K, reserved 1105920K
  class space    used 7245K, committed 7360K, reserved 1048576K
}
Event: 5.978 GC heap after
{Heap after GC invocations=17 (full 0):
 garbage-first heap   total 141312K, used 52971K [0x0000000741c00000, 0x0000000800000000)
  region size 2048K, 2 young (4096K), 2 survivors (4096K)
 Metaspace       used 60501K, committed 60736K, reserved 1105920K
  class space    used 7245K, committed 7360K, reserved 1048576K
}
Event: 7.555 GC heap before
{Heap before GC invocations=18 (full 0):
 garbage-first heap   total 141312K, used 102123K [0x0000000741c00000, 0x0000000800000000)
  region size 2048K, 26 young (53248K), 2 survivors (4096K)
 Metaspace       used 67042K, committed 67328K, reserved 1114112K
  class space    used 8029K, committed 8128K, reserved 1048576K
}
Event: 7.565 GC heap after
{Heap after GC invocations=19 (full 0):
 garbage-first heap   total 141312K, used 59326K [0x0000000741c00000, 0x0000000800000000)
  region size 2048K, 4 young (8192K), 4 survivors (8192K)
 Metaspace       used 67042K, committed 67328K, reserved 1114112K
  class space    used 8029K, committed 8128K, reserved 1048576K
}

